Food
Food Plant
Food Animal
Food Plant Roots
Food Plant Leaves
Food Plant Fruits
Food Animal Fish
Food Animal Mammals
Food Animal Birds
Food Plant Roots Potatoes
Food Plant Roots Carrots
Food Plant Leaves Lettuce
Food Plant Leaves Cabbage
Food Plant Fruits Apples
Food Plant Fruits Pears
Food Plant Fruits Plums
Food Plant Fruits Oranges
Food Animal Fish Salmon
Food Animal Fish Tuna
Food Animal Mammals Beef
Food Animal Mammals Lamb
Food Animal Birds Chicken
Food Animal Birds Duck
Food Animal Fish Salmon Wild
Food Animal Fish Salmon Farm
Food Plant Fruits Apples GrannySmith
Food Plant Fruits Apples Gala
